2024-12-08 21:04:31,967 [32mINFO [m [m[main][m [mc.m.m.Launcher.main(76)[m: ModLauncher running: args [--launchTarget, forgeserver, --fml.forgeVersion, 43.4.2, --fml.mcVersion, 1.19.2, --fml.forgeGroup, net.minecraftforge, --fml.mcpVersion, 20220805.130853, nogui]
2024-12-08 21:04:31,978 [32mINFO [m [m[main][m [mc.m.m.Launcher.<init>(51)[m: ModLauncher 10.0.8+10.0.8+main.0ef7e830 starting: java version 17.0.13 by Ubuntu; OS Linux arch amd64 version 6.5.0-1025-azure
2024-12-08 21:04:32,010 [36mDEBUG[m [m[main][m [mc.m.m.LaunchServiceHandler.<init>(41)[m: Found launch services [fmlclientdev,forgeclient,minecraft,forgegametestserverdev,fmlserveruserdev,fmlclient,fmldatauserdev,forgeserverdev,forgeserveruserdev,forgeclientdev,forgeclientuserdev,forgeserver,forgedatadev,fmlserver,fmlclientuserdev,fmlserverdev,forgedatauserdev,testharness,forgegametestserveruserdev]
2024-12-08 21:04:32,048 [36mDEBUG[m [m[main][m [mc.m.m.NameMappingServiceHandler.<init>(44)[m: Found naming services : [srgtomcp]
2024-12-08 21:04:32,090 [36mDEBUG[m [m[main][m [mc.m.m.LaunchPluginHandler.<init>(58)[m: Found launch plugins: [mixin,eventbus,slf4jfixer,object_holder_definalize,runtime_enum_extender,capability_token_subclass,accesstransformer,runtimedistcleaner]
2024-12-08 21:04:32,103 [36mDEBUG[m [m[main][m [mc.m.m.TransformationServicesHandler.discoverServices(120)[m: Discovering transformation services
2024-12-08 21:04:32,123 [36mDEBUG[m [m[main][m [mc.m.m.TransformationServicesHandler.discoverServices(128)[m: Found additional transformation services from discovery services: 
2024-12-08 21:04:32,141 [36mDEBUG[m [m[main][m [mc.m.m.TransformationServicesHandler.discoverServices(140)[m: Found transformer services : [mixin,fml]
2024-12-08 21:04:32,141 [36mDEBUG[m [m[main][m [mc.m.m.TransformationServicesHandler.loadTransformationServices(115)[m: Transformation services loading
2024-12-08 21:04:32,142 [36mDEBUG[m [m[main][m [mc.m.m.TransformationServiceDecorator.onLoad(52)[m: Loading service mixin
2024-12-08 21:04:32,142 [36mDEBUG[m [m[main][m [mc.m.m.TransformationServiceDecorator.onLoad(55)[m: Loaded service mixin
2024-12-08 21:04:32,143 [36mDEBUG[m [m[main][m [mc.m.m.TransformationServiceDecorator.onLoad(52)[m: Loading service fml
2024-12-08 21:04:32,145 [36mDEBUG[m [m[main][m [mn.m.f.l.LauncherVersion.<clinit>(21)[m: Found FMLLauncher version 1.0
2024-12-08 21:04:32,145 [36mDEBUG[m [m[main][m [mn.m.f.l.FMLLoader.onInitialLoad(61)[m: FML 1.0 loading
2024-12-08 21:04:32,145 [36mDEBUG[m [m[main][m [mn.m.f.l.FMLLoader.onInitialLoad(63)[m: FML found ModLauncher version : 10.0.8+10.0.8+main.0ef7e830
2024-12-08 21:04:32,146 [36mDEBUG[m [m[main][m [mn.m.f.l.FMLLoader.onInitialLoad(75)[m: FML found AccessTransformer version : 8.0.4+66+master.c09db6d7
2024-12-08 21:04:32,146 [36mDEBUG[m [m[main][m [mn.m.f.l.FMLLoader.onInitialLoad(87)[m: FML found EventBus version : 6.0.5+0+master.c510e2cc
2024-12-08 21:04:32,147 [36mDEBUG[m [m[main][m [mn.m.f.l.FMLLoader.onInitialLoad(97)[m: Found Runtime Dist Cleaner
2024-12-08 21:04:32,148 [36mDEBUG[m [m[main][m [mn.m.f.l.FMLLoader.onInitialLoad(111)[m: FML found CoreMod version : 5.0.1+15+master.dc5a2922
2024-12-08 21:04:32,149 [36mDEBUG[m [m[main][m [mn.m.f.l.FMLLoader.onInitialLoad(114)[m: Found ForgeSPI package implementation version 6.0.0+6.0.0+master.42474703
2024-12-08 21:04:32,149 [36mDEBUG[m [m[main][m [mn.m.f.l.FMLLoader.onInitialLoad(115)[m: Found ForgeSPI package specification 5
2024-12-08 21:04:32,151 [36mDEBUG[m [m[main][m [mc.m.m.TransformationServiceDecorator.onLoad(55)[m: Loaded service fml
2024-12-08 21:04:32,152 [36mDEBUG[m [m[main][m [mc.m.m.TransformationServicesHandler.processArguments(66)[m: Configuring option handling for services
2024-12-08 21:04:32,159 [36mDEBUG[m [m[main][m [mc.m.m.TransformationServicesHandler.initialiseTransformationServices(90)[m: Transformation services initializing
2024-12-08 21:04:32,160 [36mDEBUG[m [m[main][m [mc.m.m.TransformationServiceDecorator.onInitialize(67)[m: Initializing transformation service mixin
2024-12-08 21:04:32,179 [36mDEBUG[m [m[main][m [mmixin.debug(67)[m: MixinService [ModLauncher] was successfully booted in cpw.mods.cl.ModuleClassLoader@1972e513
2024-12-08 21:04:32,198 [32mINFO [m [m[main][m [mmixin.info(97)[m: SpongePowered MIXIN Subsystem Version=0.8.5 Source=union:/workspaces/mipene123/servidor_minecraft/libraries/org/spongepowered/mixin/0.8.5/mixin-0.8.5.jar%2382!/ Service=ModLauncher Env=SERVER
2024-12-08 21:04:32,203 [36mDEBUG[m [m[main][m [mmixin.debug(67)[m: Initialising Mixin Platform Manager
2024-12-08 21:04:32,204 [36mDEBUG[m [m[main][m [mmixin.debug(67)[m: Adding mixin platform agents for container ModLauncher Root Container(ModLauncher:4f56a0a2)
2024-12-08 21:04:32,207 [36mDEBUG[m [m[main][m [mmixin.debug(67)[m: Instancing new MixinPlatformAgentMinecraftForge for ModLauncher Root Container(ModLauncher:4f56a0a2)
2024-12-08 21:04:32,208 [36mDEBUG[m [m[main][m [mmixin.debug(67)[m: MixinPlatformAgentMinecraftForge rejected container ModLauncher Root Container(ModLauncher:4f56a0a2)
2024-12-08 21:04:32,209 [36mDEBUG[m [m[main][m [mmixin.debug(67)[m: Instancing new MixinPlatformAgentDefault for ModLauncher Root Container(ModLauncher:4f56a0a2)
2024-12-08 21:04:32,210 [36mDEBUG[m [m[main][m [mmixin.debug(67)[m: MixinPlatformAgentDefault accepted container ModLauncher Root Container(ModLauncher:4f56a0a2)
2024-12-08 21:04:32,213 [36mDEBUG[m [m[main][m [mc.m.m.TransformationServiceDecorator.onInitialize(69)[m: Initialized transformation service mixin
2024-12-08 21:04:32,213 [36mDEBUG[m [m[main][m [mc.m.m.TransformationServiceDecorator.onInitialize(67)[m: Initializing transformation service fml
2024-12-08 21:04:32,214 [36mDEBUG[m [m[main][m [mn.m.f.l.FMLServiceProvider.initialize(62)[m: Setting up basic FML game directories
2024-12-08 21:04:32,216 [36mDEBUG[m [m[main][m [mn.m.f.l.FileUtils.getOrCreateDirectory(42)[m: Found existing GAMEDIR directory : /workspaces/mipene123/servidor_minecraft
2024-12-08 21:04:32,217 [36mDEBUG[m [m[main][m [mn.m.f.l.FMLPaths.loadAbsolutePaths(66)[m: Path GAMEDIR is /workspaces/mipene123/servidor_minecraft
2024-12-08 21:04:32,218 [36mDEBUG[m [m[main][m [mn.m.f.l.FileUtils.getOrCreateDirectory(42)[m: Found existing MODSDIR directory : /workspaces/mipene123/servidor_minecraft/mods
2024-12-08 21:04:32,219 [36mDEBUG[m [m[main][m [mn.m.f.l.FMLPaths.loadAbsolutePaths(66)[m: Path MODSDIR is /workspaces/mipene123/servidor_minecraft/mods
2024-12-08 21:04:32,219 [36mDEBUG[m [m[main][m [mn.m.f.l.FileUtils.getOrCreateDirectory(42)[m: Found existing CONFIGDIR directory : /workspaces/mipene123/servidor_minecraft/config
2024-12-08 21:04:32,219 [36mDEBUG[m [m[main][m [mn.m.f.l.FMLPaths.loadAbsolutePaths(66)[m: Path CONFIGDIR is /workspaces/mipene123/servidor_minecraft/config
2024-12-08 21:04:32,219 [36mDEBUG[m [m[main][m [mn.m.f.l.FMLPaths.loadAbsolutePaths(66)[m: Path FMLCONFIG is /workspaces/mipene123/servidor_minecraft/config/fml.toml
2024-12-08 21:04:32,220 [36mDEBUG[m [m[main][m [mn.m.f.l.FMLServiceProvider.initialize(64)[m: Loading configuration
2024-12-08 21:04:32,268 [36mDEBUG[m [m[main][m [mn.m.f.l.FileUtils.getOrCreateDirectory(42)[m: Found existing default config directory directory : /workspaces/mipene123/servidor_minecraft/defaultconfigs
2024-12-08 21:04:32,268 [36mDEBUG[m [m[main][m [mn.m.f.l.FMLServiceProvider.initialize(66)[m: Preparing ModFile
2024-12-08 21:04:32,272 [36mDEBUG[m [m[main][m [mn.m.f.l.FMLServiceProvider.initialize(77)[m: Preparing launch handler
2024-12-08 21:04:32,273 [36mDEBUG[m [m[main][m [mn.m.f.l.FMLLoader.setupLaunchHandler(135)[m: Using forgeserver as launch service
2024-12-08 21:04:32,301 [36mDEBUG[m [m[main][m [mn.m.f.l.FMLLoader.setupLaunchHandler(158)[m: Received command line version data  : VersionInfo[forgeVersion=43.4.2, mcVersion=1.19.2, mcpVersion=20220805.130853, forgeGroup=net.minecraftforge]
2024-12-08 21:04:32,303 [36mDEBUG[m [m[main][m [mc.m.m.TransformationServiceDecorator.onInitialize(69)[m: Initialized transformation service fml
2024-12-08 21:04:32,304 [36mDEBUG[m [m[main][m [mc.m.m.NameMappingServiceHandler.bindNamingServices(53)[m: Current naming domain is 'srg'
2024-12-08 21:04:32,305 [36mDEBUG[m [m[main][m [mc.m.m.NameMappingServiceHandler.bindNamingServices(57)[m: Identified name mapping providers {}
2024-12-08 21:04:32,305 [36mDEBUG[m [m[main][m [mc.m.m.TransformationServicesHandler.runScanningTransformationServices(96)[m: Transformation services begin scanning
2024-12-08 21:04:32,307 [36mDEBUG[m [m[main][m [mc.m.m.TransformationServiceDecorator.runScan(111)[m: Beginning scan trigger - transformation service mixin
2024-12-08 21:04:32,308 [36mDEBUG[m [m[main][m [mc.m.m.TransformationServiceDecorator.runScan(113)[m: End scan trigger - transformation service mixin
2024-12-08 21:04:32,309 [36mDEBUG[m [m[main][m [mc.m.m.TransformationServiceDecorator.runScan(111)[m: Beginning scan trigger - transformation service fml
2024-12-08 21:04:32,309 [36mDEBUG[m [m[main][m [mn.m.f.l.FMLServiceProvider.beginScanning(85)[m: Initiating mod scan
2024-12-08 21:04:32,320 [36mDEBUG[m [m[main][m [mn.m.f.l.m.ModListHandler.processModLists(54)[m: Found mod coordinates from lists: []
2024-12-08 21:04:32,324 [36mDEBUG[m [m[main][m [mn.m.f.l.m.ModDiscoverer.<init>(51)[m: Found Mod Locators : (mods folder:null),(maven libs:null),(exploded directory:null),(minecraft:null),(userdev classpath:null)
2024-12-08 21:04:32,326 [36mDEBUG[m [m[main][m [mn.m.f.l.m.ModDiscoverer.<init>(57)[m: Found Dependency Locators : (JarInJar:null)
2024-12-08 21:04:32,340 [36mDEBUG[m [m[main][m [mn.m.f.l.m.ModFileParser.modsTomlParser(36)[m: Considering mod file candidate /workspaces/mipene123/servidor_minecraft/mods/Apollyon v1.1.1 (Forge 1.19.2).jar
2024-12-08 21:04:32,416 [36mDEBUG[m [m[main][m [mn.m.f.l.m.ModFileInfo.<init>(73)[m: Found valid mod file Apollyon v1.1.1 (Forge 1.19.2).jar with {apollyon} mods - versions {1.1.1}
2024-12-08 21:04:32,420 [36mDEBUG[m [m[main][m [mn.m.f.l.m.ModFileParser.modsTomlParser(36)[m: Considering mod file candidate /workspaces/mipene123/servidor_minecraft/mods/Pale_Hound-1.19.2-1.10.0.jar
2024-12-08 21:04:32,424 [36mDEBUG[m [m[main][m [mn.m.f.l.m.ModFileInfo.<init>(73)[m: Found valid mod file Pale_Hound-1.19.2-1.10.0.jar with {pale_hound} mods - versions {1.10.0}
2024-12-08 21:04:32,427 [36mDEBUG[m [m[main][m [mn.m.f.l.m.ModFileParser.modsTomlParser(36)[m: Considering mod file candidate /workspaces/mipene123/servidor_minecraft/mods/Siren_Head_v1.2.7-1.19.2-Requires_Geckolib.jar
2024-12-08 21:04:32,432 [36mDEBUG[m [m[main][m [mn.m.f.l.m.ModFileInfo.<init>(73)[m: Found valid mod file Siren_Head_v1.2.7-1.19.2-Requires_Geckolib.jar with {siren_head} mods - versions {1.2.7}
2024-12-08 21:04:32,610 [36mDEBUG[m [m[main][m [mn.m.f.l.m.ModFileInfo.<init>(73)[m: Found valid mod file server-1.19.2-20220805.130853-srg.jar with {minecraft} mods - versions {1.19.2}
2024-12-08 21:04:32,614 [36mDEBUG[m [m[main][m [mn.m.f.l.m.ModFileParser.modsTomlParser(36)[m: Considering mod file candidate /workspaces/mipene123/servidor_minecraft/libraries/net/minecraftforge/fmlcore/1.19.2-43.4.2/fmlcore-1.19.2-43.4.2.jar
2024-12-08 21:04:32,621 [36mDEBUG[m [m[main][m [mn.m.f.l.m.ModFileParser.modsTomlParser(36)[m: Considering mod file candidate /workspaces/mipene123/servidor_minecraft/libraries/net/minecraftforge/javafmllanguage/1.19.2-43.4.2/javafmllanguage-1.19.2-43.4.2.jar
2024-12-08 21:04:32,625 [36mDEBUG[m [m[main][m [mn.m.f.l.m.ModFileParser.modsTomlParser(36)[m: Considering mod file candidate /workspaces/mipene123/servidor_minecraft/libraries/net/minecraftforge/lowcodelanguage/1.19.2-43.4.2/lowcodelanguage-1.19.2-43.4.2.jar
2024-12-08 21:04:32,626 [36mDEBUG[m [m[main][m [mn.m.f.l.m.ModFileParser.modsTomlParser(36)[m: Considering mod file candidate /workspaces/mipene123/servidor_minecraft/libraries/net/minecraftforge/mclanguage/1.19.2-43.4.2/mclanguage-1.19.2-43.4.2.jar
2024-12-08 21:04:32,638 [36mDEBUG[m [m[main][m [mn.m.f.l.m.ModFileParser.modsTomlParser(36)[m: Considering mod file candidate /workspaces/mipene123/servidor_minecraft/libraries/net/minecraftforge/forge/1.19.2-43.4.2/forge-1.19.2-43.4.2-universal.jar
2024-12-08 21:04:32,644 [36mDEBUG[m [m[main][m [mn.m.f.l.m.ModFileInfo.<init>(73)[m: Found valid mod file forge-1.19.2-43.4.2-universal.jar with {forge} mods - versions {43.4.2}
2024-12-08 21:04:32,664 [36mDEBUG[m [m[main][m [mn.m.f.l.m.AbstractJarFileDependencyLocator.loadResourceFromModFile(29)[m: Failed to load resource META-INF/jarjar/metadata.json from server-1.19.2-20220805.130853-srg.jar, it does not contain dependency information.
2024-12-08 21:04:32,665 [36mDEBUG[m [m[main][m [mn.m.f.l.m.AbstractJarFileDependencyLocator.loadResourceFromModFile(29)[m: Failed to load resource META-INF/jarjar/metadata.json from Siren_Head_v1.2.7-1.19.2-Requires_Geckolib.jar, it does not contain dependency information.
2024-12-08 21:04:32,666 [36mDEBUG[m [m[main][m [mn.m.f.l.m.AbstractJarFileDependencyLocator.loadResourceFromModFile(29)[m: Failed to load resource META-INF/jarjar/metadata.json from Pale_Hound-1.19.2-1.10.0.jar, it does not contain dependency information.
2024-12-08 21:04:32,666 [36mDEBUG[m [m[main][m [mn.m.f.l.m.AbstractJarFileDependencyLocator.loadResourceFromModFile(29)[m: Failed to load resource META-INF/jarjar/metadata.json from Apollyon v1.1.1 (Forge 1.19.2).jar, it does not contain dependency information.
2024-12-08 21:04:32,667 [36mDEBUG[m [m[main][m [mn.m.f.l.m.AbstractJarFileDependencyLocator.loadResourceFromModFile(29)[m: Failed to load resource META-INF/jarjar/metadata.json from forge-1.19.2-43.4.2-universal.jar, it does not contain dependency information.
2024-12-08 21:04:32,668 [36mDEBUG[m [m[main][m [mn.m.f.l.m.AbstractJarFileDependencyLocator.loadResourceFromModFile(29)[m: Failed to load resource META-INF/jarjar/metadata.json from mclanguage-1.19.2-43.4.2.jar, it does not contain dependency information.
2024-12-08 21:04:32,669 [36mDEBUG[m [m[main][m [mn.m.f.l.m.AbstractJarFileDependencyLocator.loadResourceFromModFile(29)[m: Failed to load resource META-INF/jarjar/metadata.json from javafmllanguage-1.19.2-43.4.2.jar, it does not contain dependency information.
2024-12-08 21:04:32,670 [36mDEBUG[m [m[main][m [mn.m.f.l.m.AbstractJarFileDependencyLocator.loadResourceFromModFile(29)[m: Failed to load resource META-INF/jarjar/metadata.json from fmlcore-1.19.2-43.4.2.jar, it does not contain dependency information.
2024-12-08 21:04:32,671 [36mDEBUG[m [m[main][m [mn.m.f.l.m.AbstractJarFileDependencyLocator.loadResourceFromModFile(29)[m: Failed to load resource META-INF/jarjar/metadata.json from lowcodelanguage-1.19.2-43.4.2.jar, it does not contain dependency information.
2024-12-08 21:04:32,714 [32mINFO [m [m[main][m [mn.m.f.l.m.JarInJarDependencyLocator.scanMods(54)[m: No dependencies to load found. Skipping!
2024-12-08 21:04:32,718 [36mDEBUG[m [m[main][m [mn.m.f.l.m.ModFileInfo.<init>(73)[m: Found valid mod file server-1.19.2-20220805.130853-srg.jar with {minecraft} mods - versions {1.19.2}
2024-12-08 21:04:32,722 [36mDEBUG[m [m[main][m [mn.m.f.l.m.ModFile.identifyMods(113)[m: Loading mod file /workspaces/mipene123/servidor_minecraft/libraries/net/minecraft/server/1.19.2-20220805.130853/server-1.19.2-20220805.130853-srg.jar with languages [LanguageSpec[languageName=minecraft, acceptedVersions=1]]
2024-12-08 21:04:32,723 [36mDEBUG[m [m[main][m [mn.m.f.l.m.ModFileParser.modsTomlParser(36)[m: Considering mod file candidate /workspaces/mipene123/servidor_minecraft/mods/Pale_Hound-1.19.2-1.10.0.jar
2024-12-08 21:04:32,728 [36mDEBUG[m [m[main][m [mn.m.f.l.m.ModFileInfo.<init>(73)[m: Found valid mod file Pale_Hound-1.19.2-1.10.0.jar with {pale_hound} mods - versions {1.10.0}
2024-12-08 21:04:32,729 [36mDEBUG[m [m[main][m [mn.m.f.l.m.ModFile.identifyMods(113)[m: Loading mod file /workspaces/mipene123/servidor_minecraft/mods/Pale_Hound-1.19.2-1.10.0.jar with languages [LanguageSpec[languageName=javafml, acceptedVersions=[43,)]]
2024-12-08 21:04:32,729 [36mDEBUG[m [m[main][m [mn.m.f.l.m.ModFileParser.modsTomlParser(36)[m: Considering mod file candidate /workspaces/mipene123/servidor_minecraft/mods/Siren_Head_v1.2.7-1.19.2-Requires_Geckolib.jar
2024-12-08 21:04:32,733 [36mDEBUG[m [m[main][m [mn.m.f.l.m.ModFileInfo.<init>(73)[m: Found valid mod file Siren_Head_v1.2.7-1.19.2-Requires_Geckolib.jar with {siren_head} mods - versions {1.2.7}
2024-12-08 21:04:32,733 [36mDEBUG[m [m[main][m [mn.m.f.l.m.ModFile.identifyMods(113)[m: Loading mod file /workspaces/mipene123/servidor_minecraft/mods/Siren_Head_v1.2.7-1.19.2-Requires_Geckolib.jar with languages [LanguageSpec[languageName=javafml, acceptedVersions=[43,)]]
2024-12-08 21:04:32,734 [36mDEBUG[m [m[main][m [mn.m.f.l.m.ModFileParser.modsTomlParser(36)[m: Considering mod file candidate /workspaces/mipene123/servidor_minecraft/mods/Apollyon v1.1.1 (Forge 1.19.2).jar
2024-12-08 21:04:32,737 [36mDEBUG[m [m[main][m [mn.m.f.l.m.ModFileInfo.<init>(73)[m: Found valid mod file Apollyon v1.1.1 (Forge 1.19.2).jar with {apollyon} mods - versions {1.1.1}
2024-12-08 21:04:32,738 [36mDEBUG[m [m[main][m [mn.m.f.l.m.ModFile.identifyMods(113)[m: Loading mod file /workspaces/mipene123/servidor_minecraft/mods/Apollyon v1.1.1 (Forge 1.19.2).jar with languages [LanguageSpec[languageName=javafml, acceptedVersions=[43,)]]
2024-12-08 21:04:32,738 [36mDEBUG[m [m[main][m [mn.m.f.l.m.ModFileParser.modsTomlParser(36)[m: Considering mod file candidate /workspaces/mipene123/servidor_minecraft/libraries/net/minecraftforge/forge/1.19.2-43.4.2/forge-1.19.2-43.4.2-universal.jar
2024-12-08 21:04:32,740 [36mDEBUG[m [m[main][m [mn.m.f.l.m.ModFileInfo.<init>(73)[m: Found valid mod file forge-1.19.2-43.4.2-universal.jar with {forge} mods - versions {43.4.2}
2024-12-08 21:04:32,740 [36mDEBUG[m [m[main][m [mn.m.f.l.m.ModFile.identifyMods(113)[m: Loading mod file /workspaces/mipene123/servidor_minecraft/libraries/net/minecraftforge/forge/1.19.2-43.4.2/forge-1.19.2-43.4.2-universal.jar with languages [LanguageSpec[languageName=javafml, acceptedVersions=[24,]]]
2024-12-08 21:04:32,810 [36mDEBUG[m [m[main][m [mn.m.f.l.m.ModFileParser.lambda$getCoreMods$0(68)[m: Found coremod field_to_method with Javascript path coremods/field_to_method.js
2024-12-08 21:04:32,811 [36mDEBUG[m [m[main][m [mn.m.f.l.m.ModFileParser.lambda$getCoreMods$0(68)[m: Found coremod field_to_instanceof with Javascript path coremods/field_to_instanceof.js
2024-12-08 21:04:32,811 [36mDEBUG[m [m[main][m [mn.m.f.l.m.ModFileParser.lambda$getCoreMods$0(68)[m: Found coremod add_bouncer_method with Javascript path coremods/add_bouncer_method.js
2024-12-08 21:04:32,812 [36mDEBUG[m [m[main][m [mn.m.f.l.m.ModFile.lambda$identifyMods$1(115)[m: Found coremod coremods/field_to_method.js
2024-12-08 21:04:32,812 [36mDEBUG[m [m[main][m [mn.m.f.l.m.ModFile.lambda$identifyMods$1(115)[m: Found coremod coremods/field_to_instanceof.js
2024-12-08 21:04:32,812 [36mDEBUG[m [m[main][m [mn.m.f.l.m.ModFile.lambda$identifyMods$1(115)[m: Found coremod coremods/add_bouncer_method.js
2024-12-08 21:04:32,814 [36mDEBUG[m [m[main][m [mc.m.m.TransformationServiceDecorator.runScan(113)[m: End scan trigger - transformation service fml
2024-12-08 21:04:32,837 [36mDEBUG[m [m[main][m [mn.m.f.l.LanguageLoadingProvider.loadLanguageProviders(84)[m: Found 3 language providers
2024-12-08 21:04:32,838 [36mDEBUG[m [m[main][m [mn.m.f.l.LanguageLoadingProvider.lambda$loadLanguageProviders$4(100)[m: Found language provider minecraft, version 1.0
2024-12-08 21:04:32,840 [36mDEBUG[m [m[main][m [mn.m.f.l.LanguageLoadingProvider.lambda$loadLanguageProviders$4(100)[m: Found language provider lowcodefml, version 43
2024-12-08 21:04:32,840 [36mDEBUG[m [m[main][m [mn.m.f.l.LanguageLoadingProvider.lambda$loadLanguageProviders$4(100)[m: Found language provider javafml, version 43
2024-12-08 21:04:32,848 [36mDEBUG[m [m[main][m [mn.m.f.l.ModSorter.detectSystemMods(172)[m: Configured system mods: [minecraft, forge]
2024-12-08 21:04:32,848 [36mDEBUG[m [m[main][m [mn.m.f.l.ModSorter.detectSystemMods(178)[m: Found system mod: minecraft
2024-12-08 21:04:32,849 [36mDEBUG[m [m[main][m [mn.m.f.l.ModSorter.detectSystemMods(178)[m: Found system mod: forge
2024-12-08 21:04:32,851 [36mDEBUG[m [m[main][m [mn.m.f.l.ModSorter.verifyDependencyVersions(204)[m: Found 7 mod requirements (5 mandatory, 2 optional)
2024-12-08 21:04:32,852 [36mDEBUG[m [m[main][m [mn.m.f.l.ModSorter.verifyDependencyVersions(209)[m: Found 1 mod requirements missing (1 mandatory, 0 optional)
2024-12-08 21:04:32,853 [1;31mERROR[m [m[main][m [mn.m.f.l.ModSorter.verifyDependencyVersions(213)[m: Missing or unsupported mandatory dependencies:
	Mod ID: 'geckolib3', Requested by: 'pale_hound', Expected range: '[3.1.40,)', Actual version: '[MISSING]'
2024-12-08 21:04:33,696 [36mDEBUG[m [m[main][m [mc.m.m.TransformationServicesHandler.initialiseServiceTransformers(84)[m: Transformation services loading transformers
2024-12-08 21:04:33,697 [36mDEBUG[m [m[main][m [mc.m.m.TransformationServiceDecorator.gatherTransformers(73)[m: Initializing transformers for transformation service mixin
2024-12-08 21:04:33,697 [36mDEBUG[m [m[main][m [mc.m.m.TransformationServiceDecorator.gatherTransformers(103)[m: Initialized transformers for transformation service mixin
2024-12-08 21:04:33,698 [36mDEBUG[m [m[main][m [mc.m.m.TransformationServiceDecorator.gatherTransformers(73)[m: Initializing transformers for transformation service fml
2024-12-08 21:04:33,699 [36mDEBUG[m [m[main][m [mn.m.f.l.FMLServiceProvider.transformers(132)[m: Loading coremod transformers
2024-12-08 21:04:33,700 [36mDEBUG[m [m[main][m [mn.m.c.CoreModEngine.initialize(74)[m: Loading CoreMod from coremods/field_to_method.js
2024-12-08 21:04:34,163 [36mDEBUG[m [m[main][m [mn.m.c.CoreModEngine.initialize(79)[m: CoreMod loaded successfully
2024-12-08 21:04:34,164 [36mDEBUG[m [m[main][m [mn.m.c.CoreModEngine.initialize(74)[m: Loading CoreMod from coremods/field_to_instanceof.js
2024-12-08 21:04:34,331 [36mDEBUG[m [m[main][m [mn.m.c.CoreModEngine.initialize(79)[m: CoreMod loaded successfully
2024-12-08 21:04:34,332 [36mDEBUG[m [m[main][m [mn.m.c.CoreModEngine.initialize(74)[m: Loading CoreMod from coremods/add_bouncer_method.js
2024-12-08 21:04:34,511 [36mDEBUG[m [m[main][m [mn.m.c.CoreModEngine.initialize(79)[m: CoreMod loaded successfully
2024-12-08 21:04:34,532 [36mDEBUG[m [m[main][m [mc.m.m.TransformStore.addTransformer(64)[m: Adding transformer net.minecraftforge.coremod.transformer.CoreModClassTransformer@2f14b0f6 to Target : CLASS {Lnet/minecraft/world/level/biome/Biome;} {} {V}
2024-12-08 21:04:34,534 [36mDEBUG[m [m[main][m [mc.m.m.TransformStore.addTransformer(64)[m: Adding transformer net.minecraftforge.coremod.transformer.CoreModClassTransformer@19b206ee to Target : CLASS {Lnet/minecraft/world/level/levelgen/structure/Structure;} {} {V}
2024-12-08 21:04:34,535 [36mDEBUG[m [m[main][m [mc.m.m.TransformStore.addTransformer(64)[m: Adding transformer net.minecraftforge.coremod.transformer.CoreModClassTransformer@ffd4cba to Target : CLASS {Lnet/minecraft/world/effect/MobEffectInstance;} {} {V}
2024-12-08 21:04:34,535 [36mDEBUG[m [m[main][m [mc.m.m.TransformStore.addTransformer(64)[m: Adding transformer net.minecraftforge.coremod.transformer.CoreModClassTransformer@5f1483fd to Target : CLASS {Lnet/minecraft/world/level/block/LiquidBlock;} {} {V}
2024-12-08 21:04:34,536 [36mDEBUG[m [m[main][m [mc.m.m.TransformStore.addTransformer(64)[m: Adding transformer net.minecraftforge.coremod.transformer.CoreModClassTransformer@670f2466 to Target : CLASS {Lnet/minecraft/world/item/BucketItem;} {} {V}
2024-12-08 21:04:34,536 [36mDEBUG[m [m[main][m [mc.m.m.TransformStore.addTransformer(64)[m: Adding transformer net.minecraftforge.coremod.transformer.CoreModClassTransformer@6e03db1f to Target : CLASS {Lnet/minecraft/world/level/block/StairBlock;} {} {V}
2024-12-08 21:04:34,540 [36mDEBUG[m [m[main][m [mc.m.m.TransformStore.addTransformer(64)[m: Adding transformer net.minecraftforge.coremod.transformer.CoreModClassTransformer@bfec2f9 to Target : CLASS {Lnet/minecraft/world/level/block/FlowerPotBlock;} {} {V}
2024-12-08 21:04:34,541 [36mDEBUG[m [m[main][m [mc.m.m.TransformStore.addTransformer(64)[m: Adding transformer net.minecraftforge.coremod.transformer.CoreModClassTransformer@708eb310 to Target : CLASS {Lnet/minecraft/world/item/ItemStack;} {} {V}
2024-12-08 21:04:34,541 [36mDEBUG[m [m[main][m [mc.m.m.TransformStore.addTransformer(64)[m: Adding transformer net.minecraftforge.coremod.transformer.CoreModClassTransformer@6ebc9573 to Target : CLASS {Lnet/minecraft/network/play/client/CClientSettingsPacket;} {} {V}
2024-12-08 21:04:34,542 [36mDEBUG[m [m[main][m [mc.m.m.TransformationServiceDecorator.gatherTransformers(103)[m: Initialized transformers for transformation service fml
2024-12-08 21:04:35,309 [36mDEBUG[m [m[main][m [mmixin.debug(67)[m: Processing prepare() for PlatformAgent[MixinPlatformAgentDefault:ModLauncher Root Container(ModLauncher:4f56a0a2)]
2024-12-08 21:04:35,310 [36mDEBUG[m [m[main][m [mmixin.debug(67)[m: Processing launch tasks for PlatformAgent[MixinPlatformAgentDefault:ModLauncher Root Container(ModLauncher:4f56a0a2)]
2024-12-08 21:04:35,310 [36mDEBUG[m [m[main][m [mmixin.debug(67)[m: Adding mixin platform agents for container SecureJarResource(minecraft)
2024-12-08 21:04:35,311 [36mDEBUG[m [m[main][m [mmixin.debug(67)[m: Instancing new MixinPlatformAgentMinecraftForge for SecureJarResource(minecraft)
2024-12-08 21:04:35,311 [36mDEBUG[m [m[main][m [mmixin.debug(67)[m: MixinPlatformAgentMinecraftForge rejected container SecureJarResource(minecraft)
2024-12-08 21:04:35,312 [36mDEBUG[m [m[main][m [mmixin.debug(67)[m: Instancing new MixinPlatformAgentDefault for SecureJarResource(minecraft)
2024-12-08 21:04:35,312 [36mDEBUG[m [m[main][m [mmixin.debug(67)[m: MixinPlatformAgentDefault accepted container SecureJarResource(minecraft)
2024-12-08 21:04:35,312 [36mDEBUG[m [m[main][m [mmixin.debug(67)[m: Processing prepare() for PlatformAgent[MixinPlatformAgentDefault:SecureJarResource(minecraft)]
2024-12-08 21:04:35,312 [36mDEBUG[m [m[main][m [mmixin.debug(67)[m: Adding mixin platform agents for container SecureJarResource(pale_hound)
2024-12-08 21:04:35,313 [36mDEBUG[m [m[main][m [mmixin.debug(67)[m: Instancing new MixinPlatformAgentMinecraftForge for SecureJarResource(pale_hound)
2024-12-08 21:04:35,313 [36mDEBUG[m [m[main][m [mmixin.debug(67)[m: MixinPlatformAgentMinecraftForge rejected container SecureJarResource(pale_hound)
2024-12-08 21:04:35,313 [36mDEBUG[m [m[main][m [mmixin.debug(67)[m: Instancing new MixinPlatformAgentDefault for SecureJarResource(pale_hound)
2024-12-08 21:04:35,314 [36mDEBUG[m [m[main][m [mmixin.debug(67)[m: MixinPlatformAgentDefault accepted container SecureJarResource(pale_hound)
2024-12-08 21:04:35,314 [36mDEBUG[m [m[main][m [mmixin.debug(67)[m: Processing prepare() for PlatformAgent[MixinPlatformAgentDefault:SecureJarResource(pale_hound)]
2024-12-08 21:04:35,315 [36mDEBUG[m [m[main][m [mmixin.debug(67)[m: Registering mixin config: pale_hound.mixins.json
2024-12-08 21:04:35,341 [36mDEBUG[m [m[main][m [mmixin.log(107)[m: Compatibility level JAVA_17 specified by pale_hound.mixins.json is higher than the maximum level supported by this version of mixin (JAVA_13).
2024-12-08 21:04:35,356 [32mINFO [m [m[main][m [mmixin.info(97)[m: Compatibility level set to JAVA_17
2024-12-08 21:04:35,359 [36mDEBUG[m [m[main][m [mmixin.debug(67)[m: Adding mixin platform agents for container SecureJarResource(siren_head)
2024-12-08 21:04:35,360 [36mDEBUG[m [m[main][m [mmixin.debug(67)[m: Instancing new MixinPlatformAgentMinecraftForge for SecureJarResource(siren_head)
2024-12-08 21:04:35,361 [36mDEBUG[m [m[main][m [mmixin.debug(67)[m: MixinPlatformAgentMinecraftForge rejected container SecureJarResource(siren_head)
2024-12-08 21:04:35,361 [36mDEBUG[m [m[main][m [mmixin.debug(67)[m: Instancing new MixinPlatformAgentDefault for SecureJarResource(siren_head)
2024-12-08 21:04:35,363 [36mDEBUG[m [m[main][m [mmixin.debug(67)[m: MixinPlatformAgentDefault accepted container SecureJarResource(siren_head)
2024-12-08 21:04:35,363 [36mDEBUG[m [m[main][m [mmixin.debug(67)[m: Processing prepare() for PlatformAgent[MixinPlatformAgentDefault:SecureJarResource(siren_head)]
2024-12-08 21:04:35,365 [36mDEBUG[m [m[main][m [mmixin.debug(67)[m: Adding mixin platform agents for container SecureJarResource(apollyon)
2024-12-08 21:04:35,365 [36mDEBUG[m [m[main][m [mmixin.debug(67)[m: Instancing new MixinPlatformAgentMinecraftForge for SecureJarResource(apollyon)
2024-12-08 21:04:35,366 [36mDEBUG[m [m[main][m [mmixin.debug(67)[m: MixinPlatformAgentMinecraftForge rejected container SecureJarResource(apollyon)
2024-12-08 21:04:35,367 [36mDEBUG[m [m[main][m [mmixin.debug(67)[m: Instancing new MixinPlatformAgentDefault for SecureJarResource(apollyon)
2024-12-08 21:04:35,367 [36mDEBUG[m [m[main][m [mmixin.debug(67)[m: MixinPlatformAgentDefault accepted container SecureJarResource(apollyon)
2024-12-08 21:04:35,368 [36mDEBUG[m [m[main][m [mmixin.debug(67)[m: Processing prepare() for PlatformAgent[MixinPlatformAgentDefault:SecureJarResource(apollyon)]
2024-12-08 21:04:35,368 [36mDEBUG[m [m[main][m [mmixin.debug(67)[m: Adding mixin platform agents for container SecureJarResource(forge)
2024-12-08 21:04:35,370 [36mDEBUG[m [m[main][m [mmixin.debug(67)[m: Instancing new MixinPlatformAgentMinecraftForge for SecureJarResource(forge)
2024-12-08 21:04:35,370 [36mDEBUG[m [m[main][m [mmixin.debug(67)[m: MixinPlatformAgentMinecraftForge rejected container SecureJarResource(forge)
2024-12-08 21:04:35,370 [36mDEBUG[m [m[main][m [mmixin.debug(67)[m: Instancing new MixinPlatformAgentDefault for SecureJarResource(forge)
2024-12-08 21:04:35,371 [36mDEBUG[m [m[main][m [mmixin.debug(67)[m: MixinPlatformAgentDefault accepted container SecureJarResource(forge)
2024-12-08 21:04:35,371 [36mDEBUG[m [m[main][m [mmixin.debug(67)[m: Processing prepare() for PlatformAgent[MixinPlatformAgentDefault:SecureJarResource(forge)]
2024-12-08 21:04:35,372 [36mDEBUG[m [m[main][m [mmixin.debug(67)[m: inject() running with 6 agents
2024-12-08 21:04:35,375 [36mDEBUG[m [m[main][m [mmixin.debug(67)[m: Processing inject() for PlatformAgent[MixinPlatformAgentDefault:ModLauncher Root Container(ModLauncher:4f56a0a2)]
2024-12-08 21:04:35,375 [36mDEBUG[m [m[main][m [mmixin.debug(67)[m: Processing inject() for PlatformAgent[MixinPlatformAgentDefault:SecureJarResource(minecraft)]
2024-12-08 21:04:35,376 [36mDEBUG[m [m[main][m [mmixin.debug(67)[m: Processing inject() for PlatformAgent[MixinPlatformAgentDefault:SecureJarResource(pale_hound)]
2024-12-08 21:04:35,376 [36mDEBUG[m [m[main][m [mmixin.debug(67)[m: Processing inject() for PlatformAgent[MixinPlatformAgentDefault:SecureJarResource(siren_head)]
2024-12-08 21:04:35,378 [36mDEBUG[m [m[main][m [mmixin.debug(67)[m: Processing inject() for PlatformAgent[MixinPlatformAgentDefault:SecureJarResource(apollyon)]
2024-12-08 21:04:35,378 [36mDEBUG[m [m[main][m [mmixin.debug(67)[m: Processing inject() for PlatformAgent[MixinPlatformAgentDefault:SecureJarResource(forge)]
2024-12-08 21:04:35,379 [32mINFO [m [m[main][m [mc.m.m.LaunchServiceHandler.launch(52)[m: Launching target 'forgeserver' with arguments [nogui]
2024-12-08 21:04:35,457 [36mDEBUG[m [m[main][m [mmixin.debug(67)[m: Error cleaning class output directory: .mixin.out
2024-12-08 21:04:35,459 [36mDEBUG[m [m[main][m [mmixin.log(107)[m: Preparing mixins for MixinEnvironment[DEFAULT]
2024-12-08 21:04:35,467 [36mDEBUG[m [m[main][m [mmixin.log(107)[m: Selecting config pale_hound.mixins.json
2024-12-08 21:04:35,485 [36mDEBUG[m [m[main][m [mmixin.log(107)[m: Preparing pale_hound.mixins.json (3)
2024-12-08 21:04:35,786 [36mDEBUG[m [m[main][m [mmixin.log(107)[m: Registering new injector for @Inject with org.spongepowered.asm.mixin.injection.struct.CallbackInjectionInfo
2024-12-08 21:04:35,798 [36mDEBUG[m [m[main][m [mmixin.log(107)[m: Registering new injector for @ModifyArg with org.spongepowered.asm.mixin.injection.struct.ModifyArgInjectionInfo
2024-12-08 21:04:35,800 [36mDEBUG[m [m[main][m [mmixin.log(107)[m: Registering new injector for @ModifyArgs with org.spongepowered.asm.mixin.injection.struct.ModifyArgsInjectionInfo
2024-12-08 21:04:35,802 [36mDEBUG[m [m[main][m [mmixin.log(107)[m: Registering new injector for @Redirect with org.spongepowered.asm.mixin.injection.struct.RedirectInjectionInfo
2024-12-08 21:04:35,805 [36mDEBUG[m [m[main][m [mmixin.log(107)[m: Registering new injector for @ModifyVariable with org.spongepowered.asm.mixin.injection.struct.ModifyVariableInjectionInfo
2024-12-08 21:04:35,808 [36mDEBUG[m [m[main][m [mmixin.log(107)[m: Registering new injector for @ModifyConstant with org.spongepowered.asm.mixin.injection.struct.ModifyConstantInjectionInfo
2024-12-08 21:04:35,828 [36mDEBUG[m [m[main][m [mmixin.log(107)[m: Prepared 3 mixins in 0.359 sec (119.7ms avg) (0ms load, 0ms transform, 0ms plugin)
2024-12-08 21:04:36,004 [36mDEBUG[m [m[main][m [mi.n.u.i.l.InternalLoggerFactory.useSlf4JLoggerFactory(63)[m: Using SLF4J as the default logging framework
2024-12-08 21:04:36,013 [36mDEBUG[m [m[main][m [mi.n.u.ResourceLeakDetector.<clinit>(129)[m: -Dio.netty.leakDetection.level: simple
2024-12-08 21:04:36,015 [36mDEBUG[m [m[main][m [mi.n.u.ResourceLeakDetector.<clinit>(130)[m: -Dio.netty.leakDetection.targetRecords: 4
2024-12-08 21:04:36,346 [36mDEBUG[m [m[main][m [mo.u.FileUtil.readPropertiesFromClassLoader(302)[m: No oshi.properties file found from ClassLoader cpw.mods.modlauncher.TransformingClassLoader@3127cb44
2024-12-08 21:04:36,409 [36mDEBUG[m [m[main][m [mo.u.FileUtil.readFile(89)[m: Reading file /proc/cpuinfo
2024-12-08 21:04:36,410 [36mDEBUG[m [m[main][m [mo.u.FileUtil.readFile(89)[m: Reading file /proc/cpuinfo
2024-12-08 21:04:36,452 [36mDEBUG[m [m[main][m [mo.u.FileUtil.readPropertiesFromClassLoader(302)[m: No oshi.architecture.properties file found from ClassLoader cpw.mods.modlauncher.TransformingClassLoader@3127cb44
2024-12-08 21:04:36,495 [36mDEBUG[m [m[main][m [mo.u.FileUtil.readFile(89)[m: Reading file /proc/meminfo
2024-12-08 21:04:36,496 [36mDEBUG[m [m[main][m [mo.u.FileUtil.readFile(89)[m: Reading file /proc/meminfo
2024-12-08 21:04:37,032 [36mDEBUG[m [m[main][m [mmixin.log(107)[m: Mixing MixinLivingEntity from pale_hound.mixins.json into net.minecraft.world.entity.LivingEntity
2024-12-08 21:04:37,931 [36mDEBUG[m [m[main][m [mn.m.c.t.CoreModBaseTransformer.runCoremod(17)[m: Transforming net/minecraft/world/level/levelgen/structure/Structure
2024-12-08 21:04:38,275 [36mDEBUG[m [m[main][m [mn.m.c.t.CoreModBaseTransformer.runCoremod(17)[m: Transforming net/minecraft/world/level/block/LiquidBlock
2024-12-08 21:04:38,355 [36mDEBUG[m [m[main][m [mn.m.c.t.CoreModBaseTransformer.runCoremod(17)[m: Transforming net/minecraft/world/level/block/StairBlock
2024-12-08 21:04:38,501 [36mDEBUG[m [m[main][m [mn.m.c.t.CoreModBaseTransformer.runCoremod(17)[m: Transforming net/minecraft/world/level/block/FlowerPotBlock
2024-12-08 21:04:41,531 [36mDEBUG[m [m[main][m [mn.m.c.t.CoreModBaseTransformer.runCoremod(17)[m: Transforming net/minecraft/world/item/ItemStack
2024-12-08 21:04:43,249 [36mDEBUG[m [m[main][m [mmixin.log(107)[m: Mixing MixinPathNavigation from pale_hound.mixins.json into net.minecraft.world.entity.ai.navigation.PathNavigation
2024-12-08 21:04:43,267 [36mDEBUG[m [m[main][m [mmixin.log(107)[m: Mixing MixinGroundPathNavigation from pale_hound.mixins.json into net.minecraft.world.entity.ai.navigation.GroundPathNavigation
2024-12-08 21:04:44,291 [32mINFO [m [m[main][m [mn.m.u.d.DataFixers.m_14529_(272)[m: Building unoptimized datafixer
2024-12-08 21:04:46,037 [36mDEBUG[m [m[main][m [mn.m.c.t.CoreModBaseTransformer.runCoremod(17)[m: Transforming net/minecraft/world/level/biome/Biome
2024-12-08 21:04:46,826 [36mDEBUG[m [m[main][m [mn.m.c.t.CoreModBaseTransformer.runCoremod(17)[m: Transforming net/minecraft/world/item/BucketItem
2024-12-08 21:04:46,987 [36mDEBUG[m [m[main][m [mn.m.c.t.CoreModBaseTransformer.runCoremod(17)[m: Transforming net/minecraft/world/effect/MobEffectInstance
2024-12-08 21:04:47,657 [36mDEBUG[m [m[main][m [mn.m.c.ForgeI18n.loadLanguageData(82)[m: Loading I18N data entries: 5642
2024-12-08 21:04:47,690 [36mDEBUG[m [m[main][m [mn.m.f.ModWorkManager.parallelExecutor(97)[m: Using 2 threads for parallel mod-loading
2024-12-08 21:04:47,698 [1;31mFATAL[m [m[main][m [mn.m.f.ModLoader.gatherAndInitializeMods(149)[m: Error during pre-loading phase
net.minecraftforge.fml.ModLoadingException: Mod §epale_hound§r requires §6geckolib3§r §o3.1.40 or above§r
§7Currently, §6geckolib3§r§7 is §o§nnot installed
	at net.minecraftforge.fml.ModLoadingException.lambda$fromEarlyException$0(ModLoadingException.java:50) ~[fmlcore-1.19.2-43.4.2.jar%23140!/:?]
	at java.util.stream.ReferencePipeline$3$1.accept(ReferencePipeline.java:197) ~[?:?]
	at java.util.AbstractList$RandomAccessSpliterator.forEachRemaining(AbstractList.java:720) ~[?:?]
	at java.util.stream.AbstractPipeline.copyInto(AbstractPipeline.java:509) ~[?:?]
	at java.util.stream.AbstractPipeline.wrapAndCopyInto(AbstractPipeline.java:499) ~[?:?]
	at java.util.stream.ForEachOps$ForEachOp.evaluateSequential(ForEachOps.java:150) ~[?:?]
	at java.util.stream.ForEachOps$ForEachOp$OfRef.evaluateSequential(ForEachOps.java:173) ~[?:?]
	at java.util.stream.AbstractPipeline.evaluate(AbstractPipeline.java:234) ~[?:?]
	at java.util.stream.ReferencePipeline.forEach(ReferencePipeline.java:596) ~[?:?]
	at java.util.stream.ReferencePipeline$7$1.accept(ReferencePipeline.java:276) ~[?:?]
	at java.util.ArrayList$ArrayListSpliterator.forEachRemaining(ArrayList.java:1625) ~[?:?]
	at java.util.stream.AbstractPipeline.copyInto(AbstractPipeline.java:509) ~[?:?]
	at java.util.stream.AbstractPipeline.wrapAndCopyInto(AbstractPipeline.java:499) ~[?:?]
	at java.util.stream.ReduceOps$ReduceOp.evaluateSequential(ReduceOps.java:921) ~[?:?]
	at java.util.stream.AbstractPipeline.evaluate(AbstractPipeline.java:234) ~[?:?]
	at java.util.stream.ReferencePipeline.collect(ReferencePipeline.java:682) ~[?:?]
	at net.minecraftforge.fml.ModLoader.<init>(ModLoader.java:99) ~[fmlcore-1.19.2-43.4.2.jar%23140!/:?]
	at net.minecraftforge.fml.ModLoader.get(ModLoader.java:131) ~[fmlcore-1.19.2-43.4.2.jar%23140!/:?]
	at net.minecraftforge.server.loading.ServerModLoader.load(ServerModLoader.java:32) ~[forge-1.19.2-43.4.2-universal.jar%23144!/:?]
	at net.minecraft.server.Main.main(Main.java:141) ~[server-1.19.2-20220805.130853-srg.jar%23139!/:?]
	at jdk.internal.reflect.NativeMethodAccessorImpl.invoke0(Native Method) ~[?:?]
	at jdk.internal.reflect.NativeMethodAccessorImpl.invoke(NativeMethodAccessorImpl.java:77) ~[?:?]
	at jdk.internal.reflect.DelegatingMethodAccessorImpl.invoke(DelegatingMethodAccessorImpl.java:43) ~[?:?]
	at java.lang.reflect.Method.invoke(Method.java:569) ~[?:?]
	at net.minecraftforge.fml.loading.targets.CommonServerLaunchHandler.lambda$launchService$0(CommonServerLaunchHandler.java:29) ~[fmlloader-1.19.2-43.4.2.jar%23129!/:?]
	at cpw.mods.modlauncher.LaunchServiceHandlerDecorator.launch(LaunchServiceHandlerDecorator.java:30) [modlauncher-10.0.8.jar%2372!/:?]
	at cpw.mods.modlauncher.LaunchServiceHandler.launch(LaunchServiceHandler.java:53) [modlauncher-10.0.8.jar%2372!/:?]
	at cpw.mods.modlauncher.LaunchServiceHandler.launch(LaunchServiceHandler.java:71) [modlauncher-10.0.8.jar%2372!/:?]
	at cpw.mods.modlauncher.Launcher.run(Launcher.java:106) [modlauncher-10.0.8.jar%2372!/:?]
	at cpw.mods.modlauncher.Launcher.main(Launcher.java:77) [modlauncher-10.0.8.jar%2372!/:?]
	at cpw.mods.modlauncher.BootstrapLaunchConsumer.accept(BootstrapLaunchConsumer.java:26) [modlauncher-10.0.8.jar%2372!/:?]
	at cpw.mods.modlauncher.BootstrapLaunchConsumer.accept(BootstrapLaunchConsumer.java:23) [modlauncher-10.0.8.jar%2372!/:?]
	at cpw.mods.bootstraplauncher.BootstrapLauncher.main(BootstrapLauncher.java:141) [bootstraplauncher-1.1.2.jar:?]
	at com.mohistmc.MohistMCStart.main(MohistMCStart.java:96) [mohist.jar:1.19.2-141]
2024-12-08 21:04:47,738 [36mDEBUG[m [m[main][m [mn.m.c.ForgeI18n.loadLanguageData(82)[m: Loading I18N data entries: 5642
2024-12-08 21:04:47,745 [36mDEBUG[m [m[main][m [mo.u.FileUtil.readFile(89)[m: Reading file /proc/cpuinfo
2024-12-08 21:04:47,746 [36mDEBUG[m [m[main][m [mo.u.FileUtil.readFile(89)[m: Reading file /proc/cpuinfo
2024-12-08 21:04:47,758 [36mDEBUG[m [m[main][m [mo.u.FileUtil.readPropertiesFromClassLoader(302)[m: No oshi.architecture.properties file found from ClassLoader cpw.mods.modlauncher.TransformingClassLoader@3127cb44
2024-12-08 21:04:47,773 [36mDEBUG[m [m[main][m [mo.u.FileUtil.readFile(89)[m: Reading file /proc/meminfo
2024-12-08 21:04:47,773 [36mDEBUG[m [m[main][m [mo.u.FileUtil.readFile(89)[m: Reading file /proc/meminfo
2024-12-08 21:04:47,806 [1;31mFATAL[m [m[main][m [mn.m.s.l.ServerModLoader.dumpModLoadingCrashReport(76)[m: Crash report saved to ./crash-reports/crash-2024-12-08_21.04.47-fml.txt
2024-12-08 21:04:47,821 [1;31mERROR[m [m[main][m [mn.m.s.Main.main(265)[m: Failed to start the minecraft server
net.minecraftforge.fml.LoadingFailedException: Loading errors encountered: [
	Mod §epale_hound§r requires §6geckolib3§r §o3.1.40 or above§r
§7Currently, §6geckolib3§r§7 is §o§nnot installed
]
	at net.minecraftforge.fml.ModLoader.gatherAndInitializeMods(ModLoader.java:152) ~[fmlcore-1.19.2-43.4.2.jar%23140!/:?]
	at net.minecraftforge.server.loading.ServerModLoader.load(ServerModLoader.java:32) ~[forge-1.19.2-43.4.2-universal.jar%23144!/:?]
	at net.minecraft.server.Main.main(Main.java:141) ~[server-1.19.2-20220805.130853-srg.jar%23139!/:?]
	at jdk.internal.reflect.NativeMethodAccessorImpl.invoke0(Native Method) ~[?:?]
	at jdk.internal.reflect.NativeMethodAccessorImpl.invoke(NativeMethodAccessorImpl.java:77) ~[?:?]
	at jdk.internal.reflect.DelegatingMethodAccessorImpl.invoke(DelegatingMethodAccessorImpl.java:43) ~[?:?]
	at java.lang.reflect.Method.invoke(Method.java:569) ~[?:?]
	at net.minecraftforge.fml.loading.targets.CommonServerLaunchHandler.lambda$launchService$0(CommonServerLaunchHandler.java:29) ~[fmlloader-1.19.2-43.4.2.jar%23129!/:?]
	at cpw.mods.modlauncher.LaunchServiceHandlerDecorator.launch(LaunchServiceHandlerDecorator.java:30) [modlauncher-10.0.8.jar%2372!/:?]
	at cpw.mods.modlauncher.LaunchServiceHandler.launch(LaunchServiceHandler.java:53) [modlauncher-10.0.8.jar%2372!/:?]
	at cpw.mods.modlauncher.LaunchServiceHandler.launch(LaunchServiceHandler.java:71) [modlauncher-10.0.8.jar%2372!/:?]
	at cpw.mods.modlauncher.Launcher.run(Launcher.java:106) [modlauncher-10.0.8.jar%2372!/:?]
	at cpw.mods.modlauncher.Launcher.main(Launcher.java:77) [modlauncher-10.0.8.jar%2372!/:?]
	at cpw.mods.modlauncher.BootstrapLaunchConsumer.accept(BootstrapLaunchConsumer.java:26) [modlauncher-10.0.8.jar%2372!/:?]
	at cpw.mods.modlauncher.BootstrapLaunchConsumer.accept(BootstrapLaunchConsumer.java:23) [modlauncher-10.0.8.jar%2372!/:?]
	at cpw.mods.bootstraplauncher.BootstrapLauncher.main(BootstrapLauncher.java:141) [bootstraplauncher-1.1.2.jar:?]
	at com.mohistmc.MohistMCStart.main(MohistMCStart.java:96) [mohist.jar:1.19.2-141]
